Jan 07, 2020 9:28:28 PM bgu.spl.net.srv.LogManager <init>
INFO: log start
Jan 07, 2020 9:28:34 PM bgu.spl.net.srv.BaseServer serve
INFO: New default user created, connectionid: 1
Jan 07, 2020 9:28:34 PM bgu.spl.net.srv.BaseServer serve
INFO: New connection handler created, connectionid: 1
Jan 07, 2020 9:28:52 PM bgu.spl.net.Commands.Login successfulMsg
INFO: user alice created and added to Registered
Jan 07, 2020 9:32:24 PM bgu.spl.net.srv.BaseServer serve
INFO: New default user created, connectionid: 2
Jan 07, 2020 9:32:24 PM bgu.spl.net.srv.BaseServer serve
INFO: New connection handler created, connectionid: 2
Jan 07, 2020 9:34:16 PM bgu.spl.net.srv.BaseServer serve
INFO: New default user created, connectionid: 3
Jan 07, 2020 9:34:16 PM bgu.spl.net.srv.BaseServer serve
INFO: New connection handler created, connectionid: 3
Jan 07, 2020 9:34:19 PM bgu.spl.net.srv.BaseServer serve
INFO: New default user created, connectionid: 4
Jan 07, 2020 9:34:19 PM bgu.spl.net.srv.BaseServer serve
INFO: New connection handler created, connectionid: 4
Jan 07, 2020 9:35:34 PM bgu.spl.net.srv.BaseServer serve
INFO: New default user created, connectionid: 5
Jan 07, 2020 9:35:34 PM bgu.spl.net.srv.BaseServer serve
INFO: New connection handler created, connectionid: 5
Jan 07, 2020 9:35:53 PM bgu.spl.net.srv.BaseServer serve
INFO: New default user created, connectionid: 6
Jan 07, 2020 9:35:53 PM bgu.spl.net.srv.BaseServer serve
INFO: New connection handler created, connectionid: 6
Jan 07, 2020 9:36:19 PM bgu.spl.net.srv.BaseServer serve
INFO: New default user created, connectionid: 7
Jan 07, 2020 9:36:19 PM bgu.spl.net.srv.BaseServer serve
INFO: New connection handler created, connectionid: 7
Jan 07, 2020 9:36:22 PM bgu.spl.net.PassiveObjects.Inventory addBook
INFO: Book:  skf added to inventory
Jan 07, 2020 9:36:22 PM bgu.spl.net.srv.ConnectionsImpl send
WARNING: no clients are subscribed to channel: sci-fi
Jan 07, 2020 9:36:27 PM bgu.spl.net.Commands.JoinGenre execute
INFO: New sub
Jan 07, 2020 9:36:27 PM bgu.spl.net.srv.ConnectionsImpl subscribe
INFO: User: null subscribed from genre: dsd
Jan 07, 2020 9:36:27 PM bgu.spl.net.PassiveObjects.User addSubscriptionIdPerTopic
INFO: User: null subscriptionid added. topic: dsd id: 1
Jan 07, 2020 9:37:05 PM bgu.spl.net.srv.BaseServer serve
INFO: New default user created, connectionid: 8
Jan 07, 2020 9:37:05 PM bgu.spl.net.srv.BaseServer serve
INFO: New connection handler created, connectionid: 8
Jan 07, 2020 9:38:55 PM bgu.spl.net.srv.BaseServer serve
INFO: New default user created, connectionid: 9
Jan 07, 2020 9:38:55 PM bgu.spl.net.srv.BaseServer serve
INFO: New connection handler created, connectionid: 9
Jan 07, 2020 9:40:00 PM bgu.spl.net.srv.BaseServer serve
INFO: New default user created, connectionid: 10
Jan 07, 2020 9:40:00 PM bgu.spl.net.srv.BaseServer serve
INFO: New connection handler created, connectionid: 10
Jan 07, 2020 9:40:21 PM bgu.spl.net.PassiveObjects.Inventory addBook
INFO: Book:  test added to inventory
Jan 07, 2020 9:40:21 PM bgu.spl.net.srv.ConnectionsImpl send
WARNING: no clients are subscribed to channel: sci
Jan 07, 2020 9:45:01 PM bgu.spl.net.srv.BaseServer serve
INFO: New default user created, connectionid: 11
Jan 07, 2020 9:45:01 PM bgu.spl.net.srv.BaseServer serve
INFO: New connection handler created, connectionid: 11
Jan 07, 2020 9:45:22 PM bgu.spl.net.srv.BaseServer serve
INFO: New default user created, connectionid: 12
Jan 07, 2020 9:45:22 PM bgu.spl.net.srv.BaseServer serve
INFO: New connection handler created, connectionid: 12
Jan 07, 2020 9:46:10 PM bgu.spl.net.srv.BaseServer serve
INFO: New default user created, connectionid: 13
Jan 07, 2020 9:46:10 PM bgu.spl.net.srv.BaseServer serve
INFO: New connection handler created, connectionid: 13
Jan 07, 2020 9:46:47 PM bgu.spl.net.srv.BaseServer serve
INFO: New default user created, connectionid: 14
Jan 07, 2020 9:46:47 PM bgu.spl.net.srv.BaseServer serve
INFO: New connection handler created, connectionid: 14
Jan 07, 2020 9:47:57 PM bgu.spl.net.srv.BaseServer serve
INFO: New default user created, connectionid: 15
Jan 07, 2020 9:47:57 PM bgu.spl.net.srv.BaseServer serve
INFO: New connection handler created, connectionid: 15
Jan 07, 2020 9:48:00 PM bgu.spl.net.PassiveObjects.Inventory addBook
INFO: Book:  found added to inventory
Jan 07, 2020 9:48:00 PM bgu.spl.net.srv.ConnectionsImpl send
WARNING: no clients are subscribed to channel: sci
Jan 07, 2020 9:48:06 PM bgu.spl.net.Commands.JoinGenre execute
INFO: New sub
Jan 07, 2020 9:48:06 PM bgu.spl.net.srv.ConnectionsImpl subscribe
INFO: User: null subscribed from genre: ddd
Jan 07, 2020 9:48:06 PM bgu.spl.net.PassiveObjects.User addSubscriptionIdPerTopic
INFO: User: null subscriptionid added. topic: ddd id: 1
Jan 07, 2020 9:48:58 PM bgu.spl.net.srv.BaseServer serve
INFO: New default user created, connectionid: 16
Jan 07, 2020 9:48:58 PM bgu.spl.net.srv.BaseServer serve
INFO: New connection handler created, connectionid: 16
Jan 07, 2020 9:50:17 PM bgu.spl.net.srv.BaseServer serve
INFO: New default user created, connectionid: 17
Jan 07, 2020 9:50:17 PM bgu.spl.net.srv.BaseServer serve
INFO: New connection handler created, connectionid: 17
Jan 07, 2020 9:50:39 PM bgu.spl.net.srv.BaseServer serve
INFO: New default user created, connectionid: 18
Jan 07, 2020 9:50:39 PM bgu.spl.net.srv.BaseServer serve
INFO: New connection handler created, connectionid: 18
Jan 07, 2020 9:50:48 PM bgu.spl.net.srv.BaseServer serve
INFO: New default user created, connectionid: 19
Jan 07, 2020 9:50:48 PM bgu.spl.net.srv.BaseServer serve
INFO: New connection handler created, connectionid: 19
Jan 07, 2020 9:50:51 PM bgu.spl.net.Commands.Login successfulMsg
INFO: user defaultUser created and added to Registered
Jan 07, 2020 9:51:00 PM bgu.spl.net.srv.BaseServer serve
INFO: New default user created, connectionid: 20
Jan 07, 2020 9:51:00 PM bgu.spl.net.srv.BaseServer serve
INFO: New connection handler created, connectionid: 20
Jan 07, 2020 9:52:43 PM bgu.spl.net.srv.BaseServer serve
INFO: New default user created, connectionid: 21
Jan 07, 2020 9:52:43 PM bgu.spl.net.srv.BaseServer serve
INFO: New connection handler created, connectionid: 21
